
Thu 17 Aug 2023 08:13:33 PM UTC: 
 tests:  0|7
total_score: 0/70
a8c1adb
Thu 17 Aug 2023 08:15:57 PM UTC: 
 exercises.c | 117 +++++++++++++++++++++++++++++++++++++++++++++++++++++++-----
 1 file changed, 108 insertions(+), 9 deletions(-)
In file included from test.c:1:
exercises.c: In function ‘reverseArray’:
exercises.c:39:5: error: ‘vector’ undeclared (first use in this function)
   39 |     vector[sizeCopy] = arr[i];
      |     ^~~~~~
exercises.c:39:5: note: each undeclared identifier is reported only once for each function it appears in
exercises.c:36:7: error: unused variable ‘vectorCopy’ [-Werror=unused-variable]
   36 |   int vectorCopy[size]; // vector auxiliar
      |       ^~~~~~~~~~
exercises.c: In function ‘checkSorted’:
exercises.c:111:27: error: expected ‘;’ before ‘)’ token
  111 |   for(int j = 0;j < size-1){
      |                           ^
      |                           ;
exercises.c:112:12: error: ‘i’ undeclared (first use in this function)
  112 |     if(arr[i] > arr[i+1]){
      |            ^
exercises.c: In function ‘inicializarLibro’:
exercises.c:140:25: error: passing argument 2 of ‘strcpy’ makes pointer from integer without a cast [-Werror=int-conversion]
  140 |   strcpy(libro->titulo, *titulo);
      |                         ^~~~~~~
      |                         |
      |                         char
In file included from /nix/store/4pqv2mwdn88h7xvsm7a5zplrd8sxzvw0-glibc-2.35-163-dev/include/features.h:490,
                 from /nix/store/4pqv2mwdn88h7xvsm7a5zplrd8sxzvw0-glibc-2.35-163-dev/include/ctype.h:25,
                 from exercises.c:1,
                 from test.c:1:
/nix/store/4pqv2mwdn88h7xvsm7a5zplrd8sxzvw0-glibc-2.35-163-dev/include/bits/string_fortified.h:77:1: note: expected ‘const char * restrict’ but argument is of type ‘char’
   77 | __NTH (strcpy (char *__restrict __dest, const char *__restrict __src))
      | ^~~~~
In file included from test.c:1:
exercises.c:141:22: error: invalid type argument of ‘->’ (have ‘Autor’)
  141 |   strcpy(libro->autor->nombre, *nombreAutor);
      |                      ^~
exercises.c:141:32: error: passing argument 2 of ‘strcpy’ makes pointer from integer without a cast [-Werror=int-conversion]
  141 |   strcpy(libro->autor->nombre, *nombreAutor);
      |                                ^~~~~~~~~~~~
      |                                |
      |                                char
In file included from /nix/store/4pqv2mwdn88h7xvsm7a5zplrd8sxzvw0-glibc-2.35-163-dev/include/features.h:490,
                 from /nix/store/4pqv2mwdn88h7xvsm7a5zplrd8sxzvw0-glibc-2.35-163-dev/include/ctype.h:25,
                 from exercises.c:1,
                 from test.c:1:
/nix/store/4pqv2mwdn88h7xvsm7a5zplrd8sxzvw0-glibc-2.35-163-dev/include/bits/string_fortified.h:77:1: note: expected ‘const char * restrict’ but argument is of type ‘char’
   77 | __NTH (strcpy (char *__restrict __dest, const char *__restrict __src))
      | ^~~~~
In file included from test.c:1:
exercises.c:142:15: error: invalid type argument of ‘->’ (have ‘Autor’)
  142 |   libro->autor->anioNacimiento = anioNacimiento;
      |               ^~
exercises.c: In function ‘crearListaEnlazada’:
exercises.c:168:35: error: expected ‘{’ before ‘*’ token
  168 |     struct nodo newNode = (struct *nodo) malloc(sizeof(struct nodo));
      |                                   ^
exercises.c:169:12: error: invalid type argument of ‘->’ (have ‘struct nodo’)
  169 |     newNode->cabeza = arr[i];
      |            ^~
exercises.c:170:12: error: invalid type argument of ‘->’ (have ‘struct nodo’)
  170 |     newNode->Next = NULL;
      |            ^~
exercises.c:173:7: error: ‘cabeza’ undeclared (first use in this function); did you mean ‘Cabeza’?
  173 |   if (cabeza == NULL){
      |       ^~~~~~
      |       Cabeza
exercises.c:174:14: error: ‘newNode’ undeclared (first use in this function)
  174 |     cabeza = newNode;
      |              ^~~~~~~
exercises.c:178:5: error: ‘actual’ undeclared (first use in this function)
  178 |     actual->Next = newNode;
      |     ^~~~~~
exercises.c:179:14: error: ‘nuevoNodo’ undeclared (first use in this function)
  179 |     actual = nuevoNodo;
      |              ^~~~~~~~~
exercises.c:165:16: error: variable ‘ahora’ set but not used [-Werror=unused-but-set-variable]
  165 |   struct nodo *ahora = NULL;
      |                ^~~~~
exercises.c:164:16: error: unused variable ‘Cabeza’ [-Werror=unused-variable]
  164 |   struct nodo *Cabeza = NULL;
      |                ^~~~~~
exercises.c:183:1: error: control reaches end of non-void function [-Werror=return-type]
  183 | }
      | ^
cc1: all warnings being treated as errors
Compilation failed
3a304ec
Thu 17 Aug 2023 08:16:49 PM UTC: 
 exercises.c | 2 +-
 1 file changed, 1 insertion(+), 1 deletion(-)
In file included from test.c:1:
exercises.c: In function ‘checkSorted’:
exercises.c:111:27: error: expected ‘;’ before ‘)’ token
  111 |   for(int j = 0;j < size-1){
      |                           ^
      |                           ;
exercises.c:112:12: error: ‘i’ undeclared (first use in this function)
  112 |     if(arr[i] > arr[i+1]){
      |            ^
exercises.c:112:12: note: each undeclared identifier is reported only once for each function it appears in
exercises.c: In function ‘inicializarLibro’:
exercises.c:140:25: error: passing argument 2 of ‘strcpy’ makes pointer from integer without a cast [-Werror=int-conversion]
  140 |   strcpy(libro->titulo, *titulo);
      |                         ^~~~~~~
      |                         |
      |                         char
In file included from /nix/store/4pqv2mwdn88h7xvsm7a5zplrd8sxzvw0-glibc-2.35-163-dev/include/features.h:490,
                 from /nix/store/4pqv2mwdn88h7xvsm7a5zplrd8sxzvw0-glibc-2.35-163-dev/include/ctype.h:25,
                 from exercises.c:1,
                 from test.c:1:
/nix/store/4pqv2mwdn88h7xvsm7a5zplrd8sxzvw0-glibc-2.35-163-dev/include/bits/string_fortified.h:77:1: note: expected ‘const char * restrict’ but argument is of type ‘char’
   77 | __NTH (strcpy (char *__restrict __dest, const char *__restrict __src))
      | ^~~~~
In file included from test.c:1:
exercises.c:141:22: error: invalid type argument of ‘->’ (have ‘Autor’)
  141 |   strcpy(libro->autor->nombre, *nombreAutor);
      |                      ^~
exercises.c:141:32: error: passing argument 2 of ‘strcpy’ makes pointer from integer without a cast [-Werror=int-conversion]
  141 |   strcpy(libro->autor->nombre, *nombreAutor);
      |                                ^~~~~~~~~~~~
      |                                |
      |                                char
In file included from /nix/store/4pqv2mwdn88h7xvsm7a5zplrd8sxzvw0-glibc-2.35-163-dev/include/features.h:490,
                 from /nix/store/4pqv2mwdn88h7xvsm7a5zplrd8sxzvw0-glibc-2.35-163-dev/include/ctype.h:25,
                 from exercises.c:1,
                 from test.c:1:
/nix/store/4pqv2mwdn88h7xvsm7a5zplrd8sxzvw0-glibc-2.35-163-dev/include/bits/string_fortified.h:77:1: note: expected ‘const char * restrict’ but argument is of type ‘char’
   77 | __NTH (strcpy (char *__restrict __dest, const char *__restrict __src))
      | ^~~~~
In file included from test.c:1:
exercises.c:142:15: error: invalid type argument of ‘->’ (have ‘Autor’)
  142 |   libro->autor->anioNacimiento = anioNacimiento;
      |               ^~
exercises.c: In function ‘crearListaEnlazada’:
exercises.c:168:35: error: expected ‘{’ before ‘*’ token
  168 |     struct nodo newNode = (struct *nodo) malloc(sizeof(struct nodo));
      |                                   ^
exercises.c:169:12: error: invalid type argument of ‘->’ (have ‘struct nodo’)
  169 |     newNode->cabeza = arr[i];
      |            ^~
exercises.c:170:12: error: invalid type argument of ‘->’ (have ‘struct nodo’)
  170 |     newNode->Next = NULL;
      |            ^~
exercises.c:173:7: error: ‘cabeza’ undeclared (first use in this function); did you mean ‘Cabeza’?
  173 |   if (cabeza == NULL){
      |       ^~~~~~
      |       Cabeza
exercises.c:174:14: error: ‘newNode’ undeclared (first use in this function)
  174 |     cabeza = newNode;
      |              ^~~~~~~
exercises.c:178:5: error: ‘actual’ undeclared (first use in this function)
  178 |     actual->Next = newNode;
      |     ^~~~~~
exercises.c:179:14: error: ‘nuevoNodo’ undeclared (first use in this function)
  179 |     actual = nuevoNodo;
      |              ^~~~~~~~~
exercises.c:165:16: error: variable ‘ahora’ set but not used [-Werror=unused-but-set-variable]
  165 |   struct nodo *ahora = NULL;
      |                ^~~~~
exercises.c:164:16: error: unused variable ‘Cabeza’ [-Werror=unused-variable]
  164 |   struct nodo *Cabeza = NULL;
      |                ^~~~~~
exercises.c:183:1: error: control reaches end of non-void function [-Werror=return-type]
  183 | }
      | ^
cc1: all warnings being treated as errors
Compilation failed
e608ae5
Thu 17 Aug 2023 08:17:22 PM UTC: 
 exercises.c | 2 +-
 1 file changed, 1 insertion(+), 1 deletion(-)
In file included from test.c:1:
exercises.c: In function ‘checkSorted’:
exercises.c:112:12: error: ‘i’ undeclared (first use in this function)
  112 |     if(arr[i] > arr[i+1]){
      |            ^
exercises.c:112:12: note: each undeclared identifier is reported only once for each function it appears in
exercises.c: In function ‘inicializarLibro’:
exercises.c:140:25: error: passing argument 2 of ‘strcpy’ makes pointer from integer without a cast [-Werror=int-conversion]
  140 |   strcpy(libro->titulo, *titulo);
      |                         ^~~~~~~
      |                         |
      |                         char
In file included from /nix/store/4pqv2mwdn88h7xvsm7a5zplrd8sxzvw0-glibc-2.35-163-dev/include/features.h:490,
                 from /nix/store/4pqv2mwdn88h7xvsm7a5zplrd8sxzvw0-glibc-2.35-163-dev/include/ctype.h:25,
                 from exercises.c:1,
                 from test.c:1:
/nix/store/4pqv2mwdn88h7xvsm7a5zplrd8sxzvw0-glibc-2.35-163-dev/include/bits/string_fortified.h:77:1: note: expected ‘const char * restrict’ but argument is of type ‘char’
   77 | __NTH (strcpy (char *__restrict __dest, const char *__restrict __src))
      | ^~~~~
In file included from test.c:1:
exercises.c:141:22: error: invalid type argument of ‘->’ (have ‘Autor’)
  141 |   strcpy(libro->autor->nombre, *nombreAutor);
      |                      ^~
exercises.c:141:32: error: passing argument 2 of ‘strcpy’ makes pointer from integer without a cast [-Werror=int-conversion]
  141 |   strcpy(libro->autor->nombre, *nombreAutor);
      |                                ^~~~~~~~~~~~
      |                                |
      |                                char
In file included from /nix/store/4pqv2mwdn88h7xvsm7a5zplrd8sxzvw0-glibc-2.35-163-dev/include/features.h:490,
                 from /nix/store/4pqv2mwdn88h7xvsm7a5zplrd8sxzvw0-glibc-2.35-163-dev/include/ctype.h:25,
                 from exercises.c:1,
                 from test.c:1:
/nix/store/4pqv2mwdn88h7xvsm7a5zplrd8sxzvw0-glibc-2.35-163-dev/include/bits/string_fortified.h:77:1: note: expected ‘const char * restrict’ but argument is of type ‘char’
   77 | __NTH (strcpy (char *__restrict __dest, const char *__restrict __src))
      | ^~~~~
In file included from test.c:1:
exercises.c:142:15: error: invalid type argument of ‘->’ (have ‘Autor’)
  142 |   libro->autor->anioNacimiento = anioNacimiento;
      |               ^~
exercises.c: In function ‘crearListaEnlazada’:
exercises.c:168:35: error: expected ‘{’ before ‘*’ token
  168 |     struct nodo newNode = (struct *nodo) malloc(sizeof(struct nodo));
      |                                   ^
exercises.c:169:12: error: invalid type argument of ‘->’ (have ‘struct nodo’)
  169 |     newNode->cabeza = arr[i];
      |            ^~
exercises.c:170:12: error: invalid type argument of ‘->’ (have ‘struct nodo’)
  170 |     newNode->Next = NULL;
      |            ^~
exercises.c:173:7: error: ‘cabeza’ undeclared (first use in this function); did you mean ‘Cabeza’?
  173 |   if (cabeza == NULL){
      |       ^~~~~~
      |       Cabeza
exercises.c:174:14: error: ‘newNode’ undeclared (first use in this function)
  174 |     cabeza = newNode;
      |              ^~~~~~~
exercises.c:178:5: error: ‘actual’ undeclared (first use in this function)
  178 |     actual->Next = newNode;
      |     ^~~~~~
exercises.c:179:14: error: ‘nuevoNodo’ undeclared (first use in this function)
  179 |     actual = nuevoNodo;
      |              ^~~~~~~~~
exercises.c:165:16: error: variable ‘ahora’ set but not used [-Werror=unused-but-set-variable]
  165 |   struct nodo *ahora = NULL;
      |                ^~~~~
exercises.c:164:16: error: unused variable ‘Cabeza’ [-Werror=unused-variable]
  164 |   struct nodo *Cabeza = NULL;
      |                ^~~~~~
exercises.c:183:1: error: control reaches end of non-void function [-Werror=return-type]
  183 | }
      | ^
cc1: all warnings being treated as errors
Compilation failed
63f05ec
Thu 17 Aug 2023 08:17:47 PM UTC: 
 exercises.c | 2 +-
 1 file changed, 1 insertion(+), 1 deletion(-)
In file included from test.c:1:
exercises.c: In function ‘inicializarLibro’:
exercises.c:140:25: error: passing argument 2 of ‘strcpy’ makes pointer from integer without a cast [-Werror=int-conversion]
  140 |   strcpy(libro->titulo, *titulo);
      |                         ^~~~~~~
      |                         |
      |                         char
In file included from /nix/store/4pqv2mwdn88h7xvsm7a5zplrd8sxzvw0-glibc-2.35-163-dev/include/features.h:490,
                 from /nix/store/4pqv2mwdn88h7xvsm7a5zplrd8sxzvw0-glibc-2.35-163-dev/include/ctype.h:25,
                 from exercises.c:1,
                 from test.c:1:
/nix/store/4pqv2mwdn88h7xvsm7a5zplrd8sxzvw0-glibc-2.35-163-dev/include/bits/string_fortified.h:77:1: note: expected ‘const char * restrict’ but argument is of type ‘char’
   77 | __NTH (strcpy (char *__restrict __dest, const char *__restrict __src))
      | ^~~~~
In file included from test.c:1:
exercises.c:141:22: error: invalid type argument of ‘->’ (have ‘Autor’)
  141 |   strcpy(libro->autor->nombre, *nombreAutor);
      |                      ^~
exercises.c:141:32: error: passing argument 2 of ‘strcpy’ makes pointer from integer without a cast [-Werror=int-conversion]
  141 |   strcpy(libro->autor->nombre, *nombreAutor);
      |                                ^~~~~~~~~~~~
      |                                |
      |                                char
In file included from /nix/store/4pqv2mwdn88h7xvsm7a5zplrd8sxzvw0-glibc-2.35-163-dev/include/features.h:490,
                 from /nix/store/4pqv2mwdn88h7xvsm7a5zplrd8sxzvw0-glibc-2.35-163-dev/include/ctype.h:25,
                 from exercises.c:1,
                 from test.c:1:
/nix/store/4pqv2mwdn88h7xvsm7a5zplrd8sxzvw0-glibc-2.35-163-dev/include/bits/string_fortified.h:77:1: note: expected ‘const char * restrict’ but argument is of type ‘char’
   77 | __NTH (strcpy (char *__restrict __dest, const char *__restrict __src))
      | ^~~~~
In file included from test.c:1:
exercises.c:142:15: error: invalid type argument of ‘->’ (have ‘Autor’)
  142 |   libro->autor->anioNacimiento = anioNacimiento;
      |               ^~
exercises.c: In function ‘crearListaEnlazada’:
exercises.c:168:35: error: expected ‘{’ before ‘*’ token
  168 |     struct nodo newNode = (struct *nodo) malloc(sizeof(struct nodo));
      |                                   ^
exercises.c:169:12: error: invalid type argument of ‘->’ (have ‘struct nodo’)
  169 |     newNode->cabeza = arr[i];
      |            ^~
exercises.c:170:12: error: invalid type argument of ‘->’ (have ‘struct nodo’)
  170 |     newNode->Next = NULL;
      |            ^~
exercises.c:173:7: error: ‘cabeza’ undeclared (first use in this function); did you mean ‘Cabeza’?
  173 |   if (cabeza == NULL){
      |       ^~~~~~
      |       Cabeza
exercises.c:173:7: note: each undeclared identifier is reported only once for each function it appears in
exercises.c:174:14: error: ‘newNode’ undeclared (first use in this function)
  174 |     cabeza = newNode;
      |              ^~~~~~~
exercises.c:178:5: error: ‘actual’ undeclared (first use in this function)
  178 |     actual->Next = newNode;
      |     ^~~~~~
exercises.c:179:14: error: ‘nuevoNodo’ undeclared (first use in this function)
  179 |     actual = nuevoNodo;
      |              ^~~~~~~~~
exercises.c:165:16: error: variable ‘ahora’ set but not used [-Werror=unused-but-set-variable]
  165 |   struct nodo *ahora = NULL;
      |                ^~~~~
exercises.c:164:16: error: unused variable ‘Cabeza’ [-Werror=unused-variable]
  164 |   struct nodo *Cabeza = NULL;
      |                ^~~~~~
exercises.c:183:1: error: control reaches end of non-void function [-Werror=return-type]
  183 | }
      | ^
cc1: all warnings being treated as errors
Compilation failed
ec4bf0c
Thu 17 Aug 2023 08:18:07 PM UTC: 
 exercises.c | 4 ++--
 1 file changed, 2 insertions(+), 2 deletions(-)
In file included from test.c:1:
exercises.c: In function ‘inicializarLibro’:
exercises.c:141:22: error: invalid type argument of ‘->’ (have ‘Autor’)
  141 |   strcpy(libro->autor->nombre, nombreAutor);
      |                      ^~
exercises.c:142:15: error: invalid type argument of ‘->’ (have ‘Autor’)
  142 |   libro->autor->anioNacimiento = anioNacimiento;
      |               ^~
exercises.c: In function ‘crearListaEnlazada’:
exercises.c:168:35: error: expected ‘{’ before ‘*’ token
  168 |     struct nodo newNode = (struct *nodo) malloc(sizeof(struct nodo));
      |                                   ^
exercises.c:169:12: error: invalid type argument of ‘->’ (have ‘struct nodo’)
  169 |     newNode->cabeza = arr[i];
      |            ^~
exercises.c:170:12: error: invalid type argument of ‘->’ (have ‘struct nodo’)
  170 |     newNode->Next = NULL;
      |            ^~
exercises.c:173:7: error: ‘cabeza’ undeclared (first use in this function); did you mean ‘Cabeza’?
  173 |   if (cabeza == NULL){
      |       ^~~~~~
      |       Cabeza
exercises.c:173:7: note: each undeclared identifier is reported only once for each function it appears in
exercises.c:174:14: error: ‘newNode’ undeclared (first use in this function)
  174 |     cabeza = newNode;
      |              ^~~~~~~
exercises.c:178:5: error: ‘actual’ undeclared (first use in this function)
  178 |     actual->Next = newNode;
      |     ^~~~~~
exercises.c:179:14: error: ‘nuevoNodo’ undeclared (first use in this function)
  179 |     actual = nuevoNodo;
      |              ^~~~~~~~~
exercises.c:165:16: error: variable ‘ahora’ set but not used [-Werror=unused-but-set-variable]
  165 |   struct nodo *ahora = NULL;
      |                ^~~~~
exercises.c:164:16: error: unused variable ‘Cabeza’ [-Werror=unused-variable]
  164 |   struct nodo *Cabeza = NULL;
      |                ^~~~~~
exercises.c:183:1: error: control reaches end of non-void function [-Werror=return-type]
  183 | }
      | ^
cc1: all warnings being treated as errors
Compilation failed
d72521d
Thu 17 Aug 2023 08:20:16 PM UTC: 
 exercises.c | 4 ++--
 1 file changed, 2 insertions(+), 2 deletions(-)
In file included from test.c:1:
exercises.c: In function ‘crearListaEnlazada’:
exercises.c:168:35: error: expected ‘{’ before ‘*’ token
  168 |     struct nodo newNode = (struct *nodo) malloc(sizeof(struct nodo));
      |                                   ^
exercises.c:169:12: error: invalid type argument of ‘->’ (have ‘struct nodo’)
  169 |     newNode->cabeza = arr[i];
      |            ^~
exercises.c:170:12: error: invalid type argument of ‘->’ (have ‘struct nodo’)
  170 |     newNode->Next = NULL;
      |            ^~
exercises.c:173:7: error: ‘cabeza’ undeclared (first use in this function); did you mean ‘Cabeza’?
  173 |   if (cabeza == NULL){
      |       ^~~~~~
      |       Cabeza
exercises.c:173:7: note: each undeclared identifier is reported only once for each function it appears in
exercises.c:174:14: error: ‘newNode’ undeclared (first use in this function)
  174 |     cabeza = newNode;
      |              ^~~~~~~
exercises.c:178:5: error: ‘actual’ undeclared (first use in this function)
  178 |     actual->Next = newNode;
      |     ^~~~~~
exercises.c:179:14: error: ‘nuevoNodo’ undeclared (first use in this function)
  179 |     actual = nuevoNodo;
      |              ^~~~~~~~~
exercises.c:165:16: error: variable ‘ahora’ set but not used [-Werror=unused-but-set-variable]
  165 |   struct nodo *ahora = NULL;
      |                ^~~~~
exercises.c:164:16: error: unused variable ‘Cabeza’ [-Werror=unused-variable]
  164 |   struct nodo *Cabeza = NULL;
      |                ^~~~~~
exercises.c:183:1: error: control reaches end of non-void function [-Werror=return-type]
  183 | }
      | ^
cc1: all warnings being treated as errors
Compilation failed
3f4ae26
Thu 17 Aug 2023 08:21:03 PM UTC: 
 exercises.c | 4 ++--
 1 file changed, 2 insertions(+), 2 deletions(-)
In file included from test.c:1:
exercises.c: In function ‘crearListaEnlazada’:
exercises.c:168:35: error: expected ‘{’ before ‘*’ token
  168 |     struct nodo newNode = (struct *nodo) malloc(sizeof(struct nodo));
      |                                   ^
exercises.c:169:12: error: invalid type argument of ‘->’ (have ‘struct nodo’)
  169 |     newNode->Cabeza = arr[i];
      |            ^~
exercises.c:170:12: error: invalid type argument of ‘->’ (have ‘struct nodo’)
  170 |     newNode->siguiente = NULL;
      |            ^~
exercises.c:173:7: error: ‘cabeza’ undeclared (first use in this function); did you mean ‘Cabeza’?
  173 |   if (cabeza == NULL){
      |       ^~~~~~
      |       Cabeza
exercises.c:173:7: note: each undeclared identifier is reported only once for each function it appears in
exercises.c:174:14: error: ‘newNode’ undeclared (first use in this function)
  174 |     cabeza = newNode;
      |              ^~~~~~~
exercises.c:178:5: error: ‘actual’ undeclared (first use in this function)
  178 |     actual->Next = newNode;
      |     ^~~~~~
exercises.c:179:14: error: ‘nuevoNodo’ undeclared (first use in this function)
  179 |     actual = nuevoNodo;
      |              ^~~~~~~~~
exercises.c:165:16: error: variable ‘ahora’ set but not used [-Werror=unused-but-set-variable]
  165 |   struct nodo *ahora = NULL;
      |                ^~~~~
exercises.c:164:16: error: unused variable ‘Cabeza’ [-Werror=unused-variable]
  164 |   struct nodo *Cabeza = NULL;
      |                ^~~~~~
exercises.c:183:1: error: control reaches end of non-void function [-Werror=return-type]
  183 | }
      | ^
cc1: all warnings being treated as errors
Compilation failed
bfcb0d6
Thu 17 Aug 2023 08:21:52 PM UTC: 
 exercises.c | 6 +++---
 1 file changed, 3 insertions(+), 3 deletions(-)
In file included from test.c:1:
exercises.c: In function ‘crearListaEnlazada’:
exercises.c:168:35: error: expected ‘{’ before ‘*’ token
  168 |     struct nodo newNode = (struct *nodo) malloc(sizeof(struct nodo));
      |                                   ^
exercises.c:169:12: error: invalid type argument of ‘->’ (have ‘struct nodo’)
  169 |     newNode->Cabeza = arr[i];
      |            ^~
exercises.c:170:12: error: invalid type argument of ‘->’ (have ‘struct nodo’)
  170 |     newNode->siguiente = NULL;
      |            ^~
exercises.c:174:14: error: ‘newNode’ undeclared (first use in this function)
  174 |     Cabeza = newNode;
      |              ^~~~~~~
exercises.c:174:14: note: each undeclared identifier is reported only once for each function it appears in
exercises.c:178:5: error: ‘actual’ undeclared (first use in this function)
  178 |     actual->Next = newNode;
      |     ^~~~~~
exercises.c:179:14: error: ‘nuevoNodo’ undeclared (first use in this function)
  179 |     actual = nuevoNodo;
      |              ^~~~~~~~~
exercises.c:165:16: error: variable ‘ahora’ set but not used [-Werror=unused-but-set-variable]
  165 |   struct nodo *ahora = NULL;
      |                ^~~~~
cc1: all warnings being treated as errors
Compilation failed
232881d
Thu 17 Aug 2023 08:22:25 PM UTC: 
 exercises.c | 2 +-
 1 file changed, 1 insertion(+), 1 deletion(-)
In file included from test.c:1:
exercises.c: In function ‘crearListaEnlazada’:
exercises.c:168:27: error: invalid initializer
  168 |     struct nodo newNode = (struct nodo*) malloc(sizeof(struct nodo));
      |                           ^
exercises.c:169:12: error: invalid type argument of ‘->’ (have ‘struct nodo’)
  169 |     newNode->Cabeza = arr[i];
      |            ^~
exercises.c:170:12: error: invalid type argument of ‘->’ (have ‘struct nodo’)
  170 |     newNode->siguiente = NULL;
      |            ^~
exercises.c:174:14: error: ‘newNode’ undeclared (first use in this function)
  174 |     Cabeza = newNode;
      |              ^~~~~~~
exercises.c:174:14: note: each undeclared identifier is reported only once for each function it appears in
exercises.c:178:5: error: ‘actual’ undeclared (first use in this function)
  178 |     actual->Next = newNode;
      |     ^~~~~~
exercises.c:179:14: error: ‘nuevoNodo’ undeclared (first use in this function)
  179 |     actual = nuevoNodo;
      |              ^~~~~~~~~
exercises.c:165:16: error: variable ‘ahora’ set but not used [-Werror=unused-but-set-variable]
  165 |   struct nodo *ahora = NULL;
      |                ^~~~~
cc1: all warnings being treated as errors
Compilation failed
d207fde
Thu 17 Aug 2023 08:22:57 PM UTC: 
 exercises.c | 2 +-
 1 file changed, 1 insertion(+), 1 deletion(-)
In file included from test.c:1:
exercises.c: In function ‘crearListaEnlazada’:
exercises.c:168:29: error: ‘nodo’ undeclared (first use in this function)
  168 |     struct nodo newNode = ( nodo*) malloc(sizeof(struct nodo));
      |                             ^~~~
exercises.c:168:29: note: each undeclared identifier is reported only once for each function it appears in
exercises.c:168:34: error: expected expression before ‘)’ token
  168 |     struct nodo newNode = ( nodo*) malloc(sizeof(struct nodo));
      |                                  ^
exercises.c:169:12: error: invalid type argument of ‘->’ (have ‘struct nodo’)
  169 |     newNode->Cabeza = arr[i];
      |            ^~
exercises.c:170:12: error: invalid type argument of ‘->’ (have ‘struct nodo’)
  170 |     newNode->siguiente = NULL;
      |            ^~
exercises.c:174:14: error: ‘newNode’ undeclared (first use in this function)
  174 |     Cabeza = newNode;
      |              ^~~~~~~
exercises.c:178:5: error: ‘actual’ undeclared (first use in this function)
  178 |     actual->Next = newNode;
      |     ^~~~~~
exercises.c:179:14: error: ‘nuevoNodo’ undeclared (first use in this function)
  179 |     actual = nuevoNodo;
      |              ^~~~~~~~~
exercises.c:165:16: error: variable ‘ahora’ set but not used [-Werror=unused-but-set-variable]
  165 |   struct nodo *ahora = NULL;
      |                ^~~~~
cc1: all warnings being treated as errors
Compilation failed
7183b4b
Thu 17 Aug 2023 08:23:18 PM UTC: 
 exercises.c | 2 +-
 1 file changed, 1 insertion(+), 1 deletion(-)
In file included from test.c:1:
exercises.c: In function ‘crearListaEnlazada’:
exercises.c:168:63: error: conversion to non-scalar type requested
  168 |     struct nodo newNode = ( struct nodo) malloc(sizeof(struct nodo));
      |                                                               ^~~~
exercises.c:169:12: error: invalid type argument of ‘->’ (have ‘struct nodo’)
  169 |     newNode->Cabeza = arr[i];
      |            ^~
exercises.c:170:12: error: invalid type argument of ‘->’ (have ‘struct nodo’)
  170 |     newNode->siguiente = NULL;
      |            ^~
exercises.c:174:14: error: ‘newNode’ undeclared (first use in this function)
  174 |     Cabeza = newNode;
      |              ^~~~~~~
exercises.c:174:14: note: each undeclared identifier is reported only once for each function it appears in
exercises.c:178:5: error: ‘actual’ undeclared (first use in this function)
  178 |     actual->Next = newNode;
      |     ^~~~~~
exercises.c:179:14: error: ‘nuevoNodo’ undeclared (first use in this function)
  179 |     actual = nuevoNodo;
      |              ^~~~~~~~~
exercises.c:165:16: error: variable ‘ahora’ set but not used [-Werror=unused-but-set-variable]
  165 |   struct nodo *ahora = NULL;
      |                ^~~~~
cc1: all warnings being treated as errors
Compilation failed
3810987
Thu 17 Aug 2023 08:23:34 PM UTC: 
 exercises.c | 2 +-
 1 file changed, 1 insertion(+), 1 deletion(-)
In file included from test.c:1:
exercises.c: In function ‘crearListaEnlazada’:
exercises.c:168:63: error: expected ‘{’ before ‘*’ token
  168 |     struct nodo newNode = ( struct nodo) malloc(sizeof(struct *nodo));
      |                                                               ^
exercises.c:168:63: error: conversion to non-scalar type requested
exercises.c:169:12: error: invalid type argument of ‘->’ (have ‘struct nodo’)
  169 |     newNode->Cabeza = arr[i];
      |            ^~
exercises.c:170:12: error: invalid type argument of ‘->’ (have ‘struct nodo’)
  170 |     newNode->siguiente = NULL;
      |            ^~
exercises.c:174:14: error: ‘newNode’ undeclared (first use in this function)
  174 |     Cabeza = newNode;
      |              ^~~~~~~
exercises.c:174:14: note: each undeclared identifier is reported only once for each function it appears in
exercises.c:178:5: error: ‘actual’ undeclared (first use in this function)
  178 |     actual->Next = newNode;
      |     ^~~~~~
exercises.c:179:14: error: ‘nuevoNodo’ undeclared (first use in this function)
  179 |     actual = nuevoNodo;
      |              ^~~~~~~~~
exercises.c:165:16: error: variable ‘ahora’ set but not used [-Werror=unused-but-set-variable]
  165 |   struct nodo *ahora = NULL;
      |                ^~~~~
cc1: all warnings being treated as errors
Compilation failed
bd7f088
Thu 17 Aug 2023 08:23:44 PM UTC: 
 exercises.c | 2 +-
 1 file changed, 1 insertion(+), 1 deletion(-)
In file included from test.c:1:
exercises.c: In function ‘crearListaEnlazada’:
exercises.c:168:56: error: ‘nodo’ undeclared (first use in this function)
  168 |     struct nodo newNode = ( struct nodo) malloc(sizeof(nodo));
      |                                                        ^~~~
exercises.c:168:56: note: each undeclared identifier is reported only once for each function it appears in
exercises.c:169:12: error: invalid type argument of ‘->’ (have ‘struct nodo’)
  169 |     newNode->Cabeza = arr[i];
      |            ^~
exercises.c:170:12: error: invalid type argument of ‘->’ (have ‘struct nodo’)
  170 |     newNode->siguiente = NULL;
      |            ^~
exercises.c:174:14: error: ‘newNode’ undeclared (first use in this function)
  174 |     Cabeza = newNode;
      |              ^~~~~~~
exercises.c:178:5: error: ‘actual’ undeclared (first use in this function)
  178 |     actual->Next = newNode;
      |     ^~~~~~
exercises.c:179:14: error: ‘nuevoNodo’ undeclared (first use in this function)
  179 |     actual = nuevoNodo;
      |              ^~~~~~~~~
exercises.c:165:16: error: variable ‘ahora’ set but not used [-Werror=unused-but-set-variable]
  165 |   struct nodo *ahora = NULL;
      |                ^~~~~
cc1: all warnings being treated as errors
Compilation failed
b2c295e
Thu 17 Aug 2023 08:23:54 PM UTC: 
 exercises.c | 2 +-
 1 file changed, 1 insertion(+), 1 deletion(-)
In file included from test.c:1:
exercises.c: In function ‘crearListaEnlazada’:
exercises.c:168:63: error: conversion to non-scalar type requested
  168 |     struct nodo newNode = ( struct nodo) malloc(sizeof(struct nodo));
      |                                                               ^~~~
exercises.c:169:12: error: invalid type argument of ‘->’ (have ‘struct nodo’)
  169 |     newNode->Cabeza = arr[i];
      |            ^~
exercises.c:170:12: error: invalid type argument of ‘->’ (have ‘struct nodo’)
  170 |     newNode->siguiente = NULL;
      |            ^~
exercises.c:174:14: error: ‘newNode’ undeclared (first use in this function)
  174 |     Cabeza = newNode;
      |              ^~~~~~~
exercises.c:174:14: note: each undeclared identifier is reported only once for each function it appears in
exercises.c:178:5: error: ‘actual’ undeclared (first use in this function)
  178 |     actual->Next = newNode;
      |     ^~~~~~
exercises.c:179:14: error: ‘nuevoNodo’ undeclared (first use in this function)
  179 |     actual = nuevoNodo;
      |              ^~~~~~~~~
exercises.c:165:16: error: variable ‘ahora’ set but not used [-Werror=unused-but-set-variable]
  165 |   struct nodo *ahora = NULL;
      |                ^~~~~
cc1: all warnings being treated as errors
Compilation failed
7ad337d
Thu 17 Aug 2023 08:24:14 PM UTC: 
 exercises.c | 4 ++--
 1 file changed, 2 insertions(+), 2 deletions(-)
In file included from test.c:1:
exercises.c: In function ‘crearListaEnlazada’:
exercises.c:168:63: error: conversion to non-scalar type requested
  168 |     struct nodo newNode = ( struct nodo) malloc(sizeof(struct nodo));
      |                                                               ^~~~
exercises.c:169:12: error: ‘struct nodo’ has no member named ‘Cabeza’
  169 |     newNode.Cabeza = arr[i];
      |            ^
exercises.c:168:17: error: variable ‘newNode’ set but not used [-Werror=unused-but-set-variable]
  168 |     struct nodo newNode = ( struct nodo) malloc(sizeof(struct nodo));
      |                 ^~~~~~~
exercises.c:174:14: error: ‘newNode’ undeclared (first use in this function)
  174 |     Cabeza = newNode;
      |              ^~~~~~~
exercises.c:174:14: note: each undeclared identifier is reported only once for each function it appears in
exercises.c:178:5: error: ‘actual’ undeclared (first use in this function)
  178 |     actual->Next = newNode;
      |     ^~~~~~
exercises.c:179:14: error: ‘nuevoNodo’ undeclared (first use in this function)
  179 |     actual = nuevoNodo;
      |              ^~~~~~~~~
exercises.c:165:16: error: variable ‘ahora’ set but not used [-Werror=unused-but-set-variable]
  165 |   struct nodo *ahora = NULL;
      |                ^~~~~
cc1: all warnings being treated as errors
Compilation failed
2e63ae7
Thu 17 Aug 2023 08:24:53 PM UTC: 
 exercises.c | 2 +-
 1 file changed, 1 insertion(+), 1 deletion(-)
In file included from test.c:1:
exercises.c: In function ‘crearListaEnlazada’:
exercises.c:168:27: error: invalid initializer
  168 |     struct nodo newNode = ( struct nodo*) malloc(sizeof(struct nodo));
      |                           ^
exercises.c:169:12: error: ‘struct nodo’ has no member named ‘Cabeza’
  169 |     newNode.Cabeza = arr[i];
      |            ^
exercises.c:168:17: error: variable ‘newNode’ set but not used [-Werror=unused-but-set-variable]
  168 |     struct nodo newNode = ( struct nodo*) malloc(sizeof(struct nodo));
      |                 ^~~~~~~
exercises.c:174:14: error: ‘newNode’ undeclared (first use in this function)
  174 |     Cabeza = newNode;
      |              ^~~~~~~
exercises.c:174:14: note: each undeclared identifier is reported only once for each function it appears in
exercises.c:178:5: error: ‘actual’ undeclared (first use in this function)
  178 |     actual->Next = newNode;
      |     ^~~~~~
exercises.c:179:14: error: ‘nuevoNodo’ undeclared (first use in this function)
  179 |     actual = nuevoNodo;
      |              ^~~~~~~~~
exercises.c:165:16: error: variable ‘ahora’ set but not used [-Werror=unused-but-set-variable]
  165 |   struct nodo *ahora = NULL;
      |                ^~~~~
cc1: all warnings being treated as errors
Compilation failed
ce75b9e
Thu 17 Aug 2023 08:25:16 PM UTC: 
 exercises.c | 2 +-
 1 file changed, 1 insertion(+), 1 deletion(-)
In file included from test.c:1:
exercises.c: In function ‘crearListaEnlazada’:
exercises.c:169:12: error: ‘newNode’ is a pointer; did you mean to use ‘->’?
  169 |     newNode.Cabeza = arr[i];
      |            ^
      |            ->
exercises.c:170:12: error: ‘newNode’ is a pointer; did you mean to use ‘->’?
  170 |     newNode.siguiente = NULL;
      |            ^
      |            ->
exercises.c:168:18: error: variable ‘newNode’ set but not used [-Werror=unused-but-set-variable]
  168 |     struct nodo *newNode = (struct nodo*) malloc(sizeof(struct nodo));
      |                  ^~~~~~~
exercises.c:174:14: error: ‘newNode’ undeclared (first use in this function)
  174 |     Cabeza = newNode;
      |              ^~~~~~~
exercises.c:174:14: note: each undeclared identifier is reported only once for each function it appears in
exercises.c:178:5: error: ‘actual’ undeclared (first use in this function)
  178 |     actual->Next = newNode;
      |     ^~~~~~
exercises.c:179:14: error: ‘nuevoNodo’ undeclared (first use in this function)
  179 |     actual = nuevoNodo;
      |              ^~~~~~~~~
exercises.c:165:16: error: variable ‘ahora’ set but not used [-Werror=unused-but-set-variable]
  165 |   struct nodo *ahora = NULL;
      |                ^~~~~
cc1: all warnings being treated as errors
Compilation failed
160df13
Thu 17 Aug 2023 08:25:32 PM UTC: 
 exercises.c | 2 +-
 1 file changed, 1 insertion(+), 1 deletion(-)
In file included from test.c:1:
exercises.c: In function ‘crearListaEnlazada’:
exercises.c:169:12: error: ‘struct nodo’ has no member named ‘Cabeza’
  169 |     newNode->Cabeza = arr[i];
      |            ^~
exercises.c:170:12: error: ‘newNode’ is a pointer; did you mean to use ‘->’?
  170 |     newNode.siguiente = NULL;
      |            ^
      |            ->
exercises.c:174:14: error: ‘newNode’ undeclared (first use in this function)
  174 |     Cabeza = newNode;
      |              ^~~~~~~
exercises.c:174:14: note: each undeclared identifier is reported only once for each function it appears in
exercises.c:178:5: error: ‘actual’ undeclared (first use in this function)
  178 |     actual->Next = newNode;
      |     ^~~~~~
exercises.c:179:14: error: ‘nuevoNodo’ undeclared (first use in this function)
  179 |     actual = nuevoNodo;
      |              ^~~~~~~~~
exercises.c:165:16: error: variable ‘ahora’ set but not used [-Werror=unused-but-set-variable]
  165 |   struct nodo *ahora = NULL;
      |                ^~~~~
cc1: all warnings being treated as errors
Compilation failed
5de2da9
Thu 17 Aug 2023 08:26:25 PM UTC: 
 exercises.c | 4 ++--
 1 file changed, 2 insertions(+), 2 deletions(-)
In file included from test.c:1:
exercises.c: In function ‘crearListaEnlazada’:
exercises.c:174:14: error: ‘newNode’ undeclared (first use in this function)
  174 |     Cabeza = newNode;
      |              ^~~~~~~
exercises.c:174:14: note: each undeclared identifier is reported only once for each function it appears in
exercises.c:178:5: error: ‘actual’ undeclared (first use in this function)
  178 |     actual->Next = newNode;
      |     ^~~~~~
exercises.c:179:14: error: ‘nuevoNodo’ undeclared (first use in this function)
  179 |     actual = nuevoNodo;
      |              ^~~~~~~~~
exercises.c:165:16: error: variable ‘ahora’ set but not used [-Werror=unused-but-set-variable]
  165 |   struct nodo *ahora = NULL;
      |                ^~~~~
cc1: all warnings being treated as errors
Compilation failed
c9bdf50
Thu 17 Aug 2023 08:27:59 PM UTC: 
 exercises.c | 4 ++--
 1 file changed, 2 insertions(+), 2 deletions(-)
In file included from test.c:1:
exercises.c: In function ‘crearListaEnlazada’:
exercises.c:174:14: error: ‘newNode’ undeclared (first use in this function)
  174 |     Cabeza = newNode;
      |              ^~~~~~~
exercises.c:174:14: note: each undeclared identifier is reported only once for each function it appears in
Compilation failed
635d684
Thu 17 Aug 2023 08:30:31 PM UTC: 
 exercises.c | 6 +++---
 1 file changed, 3 insertions(+), 3 deletions(-)
In file included from test.c:1:
exercises.c: In function ‘crearListaEnlazada’:
exercises.c:168:62: error: conversion to non-scalar type requested
  168 |     struct nodo newNode = (struct nodo) malloc(sizeof(struct nodo));
      |                                                              ^~~~
exercises.c:168:17: error: variable ‘newNode’ set but not used [-Werror=unused-but-set-variable]
  168 |     struct nodo newNode = (struct nodo) malloc(sizeof(struct nodo));
      |                 ^~~~~~~
exercises.c:174:14: error: ‘newNode’ undeclared (first use in this function)
  174 |     Cabeza = newNode;
      |              ^~~~~~~
exercises.c:174:14: note: each undeclared identifier is reported only once for each function it appears in
cc1: all warnings being treated as errors
Compilation failed
848aa1e
Thu 17 Aug 2023 08:35:18 PM UTC: 
 exercises.c | 7 +++++--
 1 file changed, 5 insertions(+), 2 deletions(-)
In file included from test.c:1:
exercises.c: In function ‘crearListaEnlazada’:
exercises.c:185:10: error: ‘Cabeza’ undeclared (first use in this function)
  185 |   return Cabeza;
      |          ^~~~~~
exercises.c:185:10: note: each undeclared identifier is reported only once for each function it appears in
exercises.c:186:1: error: control reaches end of non-void function [-Werror=return-type]
  186 | }
      | ^
cc1: all warnings being treated as errors
Compilation failed
b0923b7
Thu 17 Aug 2023 08:36:01 PM UTC: 
 exercises.c | 2 +-
 1 file changed, 1 insertion(+), 1 deletion(-)
In file included from test.c:1:
exercises.c: In function ‘crearListaEnlazada’:
exercises.c:185:10: error: ‘Cabeza’ undeclared (first use in this function)
  185 |   return Cabeza;
      |          ^~~~~~
exercises.c:185:10: note: each undeclared identifier is reported only once for each function it appears in
exercises.c:186:1: error: control reaches end of non-void function [-Werror=return-type]
  186 | }
      | ^
cc1: all warnings being treated as errors
Compilation failed
5f39903
Thu 17 Aug 2023 08:37:29 PM UTC: 
 exercises.c | 7 ++++---
 1 file changed, 4 insertions(+), 3 deletions(-)
In file included from test.c:1:
exercises.c: In function ‘crearListaEnlazada’:
exercises.c:186:10: error: ‘Cabeza’ undeclared (first use in this function)
  186 |   return Cabeza;
      |          ^~~~~~
exercises.c:186:10: note: each undeclared identifier is reported only once for each function it appears in
exercises.c:187:1: error: control reaches end of non-void function [-Werror=return-type]
  187 | }
      | ^
cc1: all warnings being treated as errors
Compilation failed
c6081a9
Thu 17 Aug 2023 08:37:48 PM UTC: 
 exercises.c | 2 +-
 1 file changed, 1 insertion(+), 1 deletion(-)
In file included from test.c:1:
exercises.c: In function ‘crearListaEnlazada’:
exercises.c:186:10: error: ‘Cabeza’ undeclared (first use in this function)
  186 |   return Cabeza;
      |          ^~~~~~
exercises.c:186:10: note: each undeclared identifier is reported only once for each function it appears in
exercises.c:187:1: error: control reaches end of non-void function [-Werror=return-type]
  187 | }
      | ^
cc1: all warnings being treated as errors
Compilation failed
f723a8b
Thu 17 Aug 2023 08:38:23 PM UTC: 
 exercises.c | 3 +--
 1 file changed, 1 insertion(+), 2 deletions(-)
In file included from test.c:1:
exercises.c: In function ‘crearListaEnlazada’:
exercises.c:185:10: error: ‘Cabeza’ undeclared (first use in this function)
  185 |   return Cabeza;
      |          ^~~~~~
exercises.c:185:10: note: each undeclared identifier is reported only once for each function it appears in
exercises.c:186:1: error: control reaches end of non-void function [-Werror=return-type]
  186 | }
      | ^
cc1: all warnings being treated as errors
Compilation failed
d060f7d
Thu 17 Aug 2023 08:38:49 PM UTC: 
 exercises.c | 2 +-
 1 file changed, 1 insertion(+), 1 deletion(-)
In file included from test.c:1:
exercises.c: In function ‘crearListaEnlazada’:
exercises.c:185:10: error: ‘Cabeza’ undeclared (first use in this function)
  185 |   return Cabeza;
      |          ^~~~~~
exercises.c:185:10: note: each undeclared identifier is reported only once for each function it appears in
exercises.c:186:1: error: control reaches end of non-void function [-Werror=return-type]
  186 | }
      | ^
cc1: all warnings being treated as errors
Compilation failed
96de464
Thu 17 Aug 2023 08:39:17 PM UTC: 
 exercises.c | 6 +++---
 1 file changed, 3 insertions(+), 3 deletions(-)
In file included from test.c:1:
exercises.c: In function ‘crearListaEnlazada’:
exercises.c:185:10: error: ‘Cabeza’ undeclared (first use in this function)
  185 |   return Cabeza;
      |          ^~~~~~
exercises.c:185:10: note: each undeclared identifier is reported only once for each function it appears in
exercises.c:186:1: error: control reaches end of non-void function [-Werror=return-type]
  186 | }
      | ^
cc1: all warnings being treated as errors
Compilation failed
8dd9900
Thu 17 Aug 2023 08:42:33 PM UTC: 
 exercises.c | 16 ++++++----------
 1 file changed, 6 insertions(+), 10 deletions(-)
In file included from test.c:1:
exercises.c: In function ‘findMax’:
exercises.c:17:19: error: expected ‘;’ before ‘}’ token
   17 |       indice = i+1
      |                   ^
      |                   ;
   18 |     }
      |     ~              
exercises.c: In function ‘crearListaEnlazada’:
exercises.c:181:10: error: ‘Cabeza’ undeclared (first use in this function)
  181 |   return Cabeza;
      |          ^~~~~~
exercises.c:181:10: note: each undeclared identifier is reported only once for each function it appears in
exercises.c:182:1: error: control reaches end of non-void function [-Werror=return-type]
  182 | }
      | ^
cc1: all warnings being treated as errors
Compilation failed
3260415
Thu 17 Aug 2023 08:43:29 PM UTC: 
 exercises.c | 8 ++++----
 1 file changed, 4 insertions(+), 4 deletions(-)
In file included from test.c:1:
exercises.c: In function ‘crearListaEnlazada’:
exercises.c:181:10: error: ‘Cabeza’ undeclared (first use in this function)
  181 |   return Cabeza;
      |          ^~~~~~
exercises.c:181:10: note: each undeclared identifier is reported only once for each function it appears in
exercises.c:182:1: error: control reaches end of non-void function [-Werror=return-type]
  182 | }
      | ^
cc1: all warnings being treated as errors
Compilation failed
d7d5194
Thu 17 Aug 2023 08:49:56 PM UTC: 
 exercises.c | 12 +++---------
 1 file changed, 3 insertions(+), 9 deletions(-)
In file included from test.c:1:
exercises.c: In function ‘reverseArray’:
exercises.c:30:7: error: variable ‘vector’ set but not used [-Werror=unused-but-set-variable]
   30 |   int vector[size], sizeCopy = size; // vector auxiliar
      |       ^~~~~~
exercises.c: In function ‘crearListaEnlazada’:
exercises.c:175:10: error: ‘Cabeza’ undeclared (first use in this function)
  175 |   return Cabeza;
      |          ^~~~~~
exercises.c:175:10: note: each undeclared identifier is reported only once for each function it appears in
exercises.c:176:1: error: control reaches end of non-void function [-Werror=return-type]
  176 | }
      | ^
cc1: all warnings being treated as errors
Compilation failed
c793674
Thu 17 Aug 2023 08:52:09 PM UTC: 
 exercises.c | 17 +++++++++++------
 1 file changed, 11 insertions(+), 6 deletions(-)
In file included from test.c:1:
exercises.c: In function ‘crearListaEnlazada’:
exercises.c:180:10: error: ‘Cabeza’ undeclared (first use in this function)
  180 |   return Cabeza;
      |          ^~~~~~
exercises.c:180:10: note: each undeclared identifier is reported only once for each function it appears in
exercises.c:181:1: error: control reaches end of non-void function [-Werror=return-type]
  181 | }
      | ^
cc1: all warnings being treated as errors
Compilation failed
18bea14
Thu 17 Aug 2023 08:53:22 PM UTC: 
 exercises.c | 16 ++++++++--------
 1 file changed, 8 insertions(+), 8 deletions(-)
In file included from test.c:1:
exercises.c: In function ‘crearListaEnlazada’:
exercises.c:180:10: error: ‘Cabeza’ undeclared (first use in this function)
  180 |   return Cabeza;
      |          ^~~~~~
exercises.c:180:10: note: each undeclared identifier is reported only once for each function it appears in
exercises.c:181:1: error: control reaches end of non-void function [-Werror=return-type]
  181 | }
      | ^
cc1: all warnings being treated as errors
Compilation failed
c63a2af
Thu 17 Aug 2023 08:53:50 PM UTC: 
 exercises.c | 4 ++--
 1 file changed, 2 insertions(+), 2 deletions(-)
In file included from test.c:1:
exercises.c: In function ‘crearListaEnlazada’:
exercises.c:180:10: error: ‘Cabeza’ undeclared (first use in this function)
  180 |   return Cabeza;
      |          ^~~~~~
exercises.c:180:10: note: each undeclared identifier is reported only once for each function it appears in
exercises.c:181:1: error: control reaches end of non-void function [-Werror=return-type]
  181 | }
      | ^
cc1: all warnings being treated as errors
Compilation failed
076bd08
Thu 17 Aug 2023 08:54:46 PM UTC: 
 exercises.c | 6 ++----
 1 file changed, 2 insertions(+), 4 deletions(-)
In file included from test.c:1:
exercises.c: In function ‘crearListaEnlazada’:
exercises.c:178:10: error: ‘Cabeza’ undeclared (first use in this function)
  178 |   return Cabeza;
      |          ^~~~~~
exercises.c:178:10: note: each undeclared identifier is reported only once for each function it appears in
exercises.c:179:1: error: control reaches end of non-void function [-Werror=return-type]
  179 | }
      | ^
cc1: all warnings being treated as errors
Compilation failed
cb1a52d
Thu 17 Aug 2023 08:56:03 PM UTC: 
 exercises.c | 2 +-
 1 file changed, 1 insertion(+), 1 deletion(-)
In file included from test.c:1:
exercises.c: In function ‘crearListaEnlazada’:
exercises.c:178:10: error: ‘Cabeza’ undeclared (first use in this function)
  178 |   return Cabeza;
      |          ^~~~~~
exercises.c:178:10: note: each undeclared identifier is reported only once for each function it appears in
exercises.c:179:1: error: control reaches end of non-void function [-Werror=return-type]
  179 | }
      | ^
cc1: all warnings being treated as errors
Compilation failed
3393845
Thu 17 Aug 2023 08:56:16 PM UTC: 
 exercises.c | 2 +-
 1 file changed, 1 insertion(+), 1 deletion(-)
In file included from test.c:1:
exercises.c: In function ‘crearListaEnlazada’:
exercises.c:178:10: error: ‘Cabeza’ undeclared (first use in this function)
  178 |   return Cabeza;
      |          ^~~~~~
exercises.c:178:10: note: each undeclared identifier is reported only once for each function it appears in
exercises.c:179:1: error: control reaches end of non-void function [-Werror=return-type]
  179 | }
      | ^
cc1: all warnings being treated as errors
Compilation failed
8763616
Thu 17 Aug 2023 08:59:54 PM UTC: 
 exercises.c | 8 +++++---
 1 file changed, 5 insertions(+), 3 deletions(-)
In file included from test.c:1:
exercises.c: In function ‘crearListaEnlazada’:
exercises.c:178:10: error: ‘Cabeza’ undeclared (first use in this function)
  178 |   return Cabeza;
      |          ^~~~~~
exercises.c:178:10: note: each undeclared identifier is reported only once for each function it appears in
exercises.c:179:1: error: control reaches end of non-void function [-Werror=return-type]
  179 | }
      | ^
cc1: all warnings being treated as errors
Compilation failed
c76fabf
Thu 17 Aug 2023 09:00:03 PM UTC: 
 exercises.c | 2 +-
 1 file changed, 1 insertion(+), 1 deletion(-)
In file included from test.c:1:
exercises.c: In function ‘crearListaEnlazada’:
exercises.c:178:10: error: ‘Cabeza’ undeclared (first use in this function)
  178 |   return Cabeza;
      |          ^~~~~~
exercises.c:178:10: note: each undeclared identifier is reported only once for each function it appears in
exercises.c:179:1: error: control reaches end of non-void function [-Werror=return-type]
  179 | }
      | ^
cc1: all warnings being treated as errors
Compilation failed
63cf08c
Thu 17 Aug 2023 09:00:24 PM UTC: 
 exercises.c | 2 +-
 1 file changed, 1 insertion(+), 1 deletion(-)
In file included from test.c:1:
test.c: In function ‘filterEvenNumbers’:
exercises.c:59:10: error: ‘newArr’ is used uninitialized [-Werror=uninitialized]
   59 |   return newArr;
      |          ^~~~~~
exercises.c:58:12: error: ‘contador’ may be used uninitialized in this function [-Werror=maybe-uninitialized]
   58 |   *newSize = contador;
      |   ~~~~~~~~~^~~~~~~~~~
cc1: all warnings being treated as errors
Compilation failed
16ce5ad
Thu 17 Aug 2023 09:00:56 PM UTC: 
 exercises.c | 20 ++++++++++----------
 1 file changed, 10 insertions(+), 10 deletions(-)
In file included from test.c:1:
exercises.c: In function ‘filterEvenNumbers’:
exercises.c:60:1: error: control reaches end of non-void function [-Werror=return-type]
   60 | }
      | ^
cc1: all warnings being treated as errors
Compilation failed
480fdd6
Thu 17 Aug 2023 09:01:13 PM UTC: 
 exercises.c | 1 +
 1 file changed, 1 insertion(+)
 tests:  0|0
630e5d0
Thu 17 Aug 2023 09:04:18 PM UTC: 
 exercises.c | 18 +++++++-----------
 1 file changed, 7 insertions(+), 11 deletions(-)
In file included from test.c:1:
exercises.c: In function ‘reverseArray’:
exercises.c:29:7: error: variable ‘vector’ set but not used [-Werror=unused-but-set-variable]
   29 |   int vector[size];
      |       ^~~~~~
exercises.c:28:7: error: unused variable ‘inicio’ [-Werror=unused-variable]
   28 |   int inicio = 0, sizeCopy;
      |       ^~~~~~
cc1: all warnings being treated as errors
Compilation failed
7824082
Thu 17 Aug 2023 09:04:36 PM UTC: 
 exercises.c | 2 +-
 1 file changed, 1 insertion(+), 1 deletion(-)
In file included from test.c:1:
exercises.c: In function ‘reverseArray’:
exercises.c:29:7: error: variable ‘vector’ set but not used [-Werror=unused-but-set-variable]
   29 |   int vector[size];
      |       ^~~~~~
cc1: all warnings being treated as errors
Compilation failed
634fe70
Thu 17 Aug 2023 09:05:01 PM UTC: 
 exercises.c | 2 +-
 1 file changed, 1 insertion(+), 1 deletion(-)
In file included from test.c:1:
exercises.c: In function ‘reverseArray’:
exercises.c:29:7: error: variable ‘vector’ set but not used [-Werror=unused-but-set-variable]
   29 |   int vector[size];
      |       ^~~~~~
cc1: all warnings being treated as errors
Compilation failed
9b59d6f
Fri 18 Aug 2023 02:57:17 PM UTC: 
 exercises.c | 3 +++
 1 file changed, 3 insertions(+)
 tests:  0|0
total_score: 20/70
608a7c3
Fri 18 Aug 2023 03:12:06 PM UTC: 
 exercises.c | 23 ++++++++++++-----------
 1 file changed, 12 insertions(+), 11 deletions(-)
In file included from test.c:1:
exercises.c: In function ‘filterEvenNumbers’:
exercises.c:58:22: error: ‘contador’ may be used uninitialized in this function [-Werror=maybe-uninitialized]
   58 |   *newSize = contador-1;
      |              ~~~~~~~~^~
cc1: all warnings being treated as errors
Compilation failed
537059a
Fri 18 Aug 2023 03:12:13 PM UTC: 
 exercises.c | 2 +-
 1 file changed, 1 insertion(+), 1 deletion(-)
In file included from test.c:1:
exercises.c: In function ‘filterEvenNumbers’:
exercises.c:58:12: error: ‘contador’ may be used uninitialized in this function [-Werror=maybe-uninitialized]
   58 |   *newSize = contador;
      |   ~~~~~~~~~^~~~~~~~~~
cc1: all warnings being treated as errors
Compilation failed
63f2e5c
Fri 18 Aug 2023 03:12:43 PM UTC: 
 exercises.c | 2 +-
 1 file changed, 1 insertion(+), 1 deletion(-)
In file included from test.c:1:
exercises.c: In function ‘filterEvenNumbers’:
exercises.c:58:11: error: assignment to ‘int *’ from ‘int’ makes pointer from integer without a cast [-Werror=int-conversion]
   58 |   newSize = contador;
      |           ^
exercises.c:55:22: error: ‘contador’ may be used uninitialized in this function [-Werror=maybe-uninitialized]
   55 |       newArr[contador-1] = arr[i];
      |              ~~~~~~~~^~
cc1: all warnings being treated as errors
Compilation failed
c3633ea
Fri 18 Aug 2023 03:12:59 PM UTC: 
 exercises.c | 2 +-
 1 file changed, 1 insertion(+), 1 deletion(-)
In file included from test.c:1:
exercises.c: In function ‘filterEvenNumbers’:
exercises.c:58:11: error: assignment to ‘int *’ from ‘int’ makes pointer from integer without a cast [-Werror=int-conversion]
   58 |   newSize = contador;
      |           ^
cc1: all warnings being treated as errors
Compilation failed
03431ab
Fri 18 Aug 2023 03:13:12 PM UTC: 
 exercises.c | 2 +-
 1 file changed, 1 insertion(+), 1 deletion(-)
 tests:  0|4
total_score: 30/70
cbcb87d
Fri 18 Aug 2023 03:24:52 PM UTC: 
 exercises.c | 25 +++++++------------------
 1 file changed, 7 insertions(+), 18 deletions(-)
 tests:  0|4
total_score: 30/70
ee8fbbd
Fri 18 Aug 2023 03:29:17 PM UTC: 
 exercises.c | 7 ++++---
 1 file changed, 4 insertions(+), 3 deletions(-)
 tests:  0|4
total_score: 30/70
6f3ce63
Fri 18 Aug 2023 03:32:48 PM UTC: 
 exercises.c | 5 +++--
 1 file changed, 3 insertions(+), 2 deletions(-)
 tests:  0|4
total_score: 30/70
396e365
Fri 18 Aug 2023 03:36:32 PM UTC: 
 exercises.c | 12 +++++++++++-
 1 file changed, 11 insertions(+), 1 deletion(-)
 tests:  0|0
af00795
Fri 18 Aug 2023 03:37:08 PM UTC: 
 exercises.c | 2 +-
 1 file changed, 1 insertion(+), 1 deletion(-)
 tests:  0|3
total_score: 40/70
39b9623
Fri 18 Aug 2023 03:44:40 PM UTC: 
 exercises.c | 19 ++++++++++++-------
 1 file changed, 12 insertions(+), 7 deletions(-)
In file included from test.c:1:
exercises.c: In function ‘checkSorted’:
exercises.c:102:18: error: expected expression before ‘[’ token
  102 |     if (arr[i] > [i+1]){
      |                  ^
Compilation failed
074c117
Fri 18 Aug 2023 03:44:53 PM UTC: 
 exercises.c | 2 +-
 1 file changed, 1 insertion(+), 1 deletion(-)
In file included from test.c:1:
exercises.c: In function ‘checkSorted’:
exercises.c:113:5: error: ‘descendente’ may be used uninitialized in this function [-Werror=maybe-uninitialized]
  113 |   if(descendente == size-1){
      |     ^
exercises.c:110:5: error: ‘ascendente’ may be used uninitialized in this function [-Werror=maybe-uninitialized]
  110 |   if(ascendente == size-1){
      |     ^
cc1: all warnings being treated as errors
Compilation failed
5108c77
